#
# There is insufficient memory for the Java Runtime Environment to continue.
# Native memory allocation (malloc) failed to allocate 568896 bytes for Chunk::new
# Possible reasons:
#   The system is out of physical RAM or swap space
#   In 32 bit mode, the process size limit was hit
# Possible solutions:
#   Reduce memory load on the system
#   Increase physical memory or swap space
#   Check if swap backing store is full
#   Use 64 bit Java on a 64 bit OS
#   Decrease Java heap size (-Xmx/-Xms)
#   Decrease number of Java threads
#   Decrease Java thread stack sizes (-Xss)
#   Set larger code cache with -XX:ReservedCodeCacheSize=
# This output file may be truncated or incomplete.
#
#  Out of Memory Error (allocation.cpp:390), pid=6588, tid=17220
#
# JRE version: Java(TM) SE Runtime Environment (8.0_20-b26) (build 1.8.0_20-b26)
# Java VM: Java HotSpot(TM) 64-Bit Server VM (25.20-b23 mixed mode windows-amd64 compressed oops)
# Failed to write core dump. Minidumps are not enabled by default on client versions of Windows
#

---------------  T H R E A D  ---------------

Current thread (0x0000000054a97800):  JavaThread "C2 CompilerThread0" daemon [_thread_in_native, id=17220, stack(0x0000000057330000,0x0000000057430000)]

Stack: [0x0000000057330000,0x0000000057430000]
Native frames: (J=compiled Java code, j=interpreted, Vv=VM code, C=native code)
V  [jvm.dll+0x3152fa]


Current CompileTask:
C2:  28078 2358       4       com.android.dx.ssa.DeadCodeRemover::run (194 bytes)


---------------  P R O C E S S  ---------------

Java Threads: ( => current thread )
  0x000000005748c000 JavaThread "Service Thread" daemon [_thread_blocked, id=14548, stack(0x0000000057b70000,0x0000000057c70000)]
  0x000000005747f000 JavaThread "C1 CompilerThread2" daemon [_thread_blocked, id=8708, stack(0x0000000057910000,0x0000000057a10000)]
  0x0000000057475000 JavaThread "C2 CompilerThread1" daemon [_thread_in_native, id=16568, stack(0x0000000056e30000,0x0000000056f30000)]
=>0x0000000054a97800 JavaThread "C2 CompilerThread0" daemon [_thread_in_native, id=17220, stack(0x0000000057330000,0x0000000057430000)]
  0x0000000054a94000 JavaThread "Attach Listener" daemon [_thread_blocked, id=3080, stack(0x00000000571b0000,0x00000000572b0000)]
  0x0000000054a90800 JavaThread "Signal Dispatcher" daemon [_thread_blocked, id=15432, stack(0x0000000057080000,0x0000000057180000)]
  0x0000000054a35800 JavaThread "Finalizer" daemon [_thread_blocked, id=15788, stack(0x0000000056f30000,0x0000000057030000)]
  0x0000000054a2c800 JavaThread "Reference Handler" daemon [_thread_blocked, id=15412, stack(0x0000000056cd0000,0x0000000056dd0000)]
  0x000000000220f800 JavaThread "main" [_thread_in_vm, id=15416, stack(0x0000000002340000,0x0000000002440000)]

Other Threads:
  0x0000000054a27000 VMThread [stack: 0x0000000012320000,0x0000000012420000] [id=17312]
  0x000000005748f800 WatcherThread [stack: 0x0000000057dd0000,0x0000000057ed0000] [id=16540]

VM state:not at safepoint (normal execution)

VM Mutex/Monitor currently owned by a thread: None

Heap:
 PSYoungGen      total 232960K, used 124145K [0x00000000eab00000, 0x0000000100000000, 0x0000000100000000)
  eden space 116736K, 93% used [0x00000000eab00000,0x00000000f1613210,0x00000000f1d00000)
  from space 116224K, 12% used [0x00000000f1d00000,0x00000000f2b29468,0x00000000f8e80000)
  to   space 116224K, 0% used [0x00000000f8e80000,0x00000000f8e80000,0x0000000100000000)
 ParOldGen       total 252416K, used 130464K [0x00000000c0000000, 0x00000000cf680000, 0x00000000eab00000)
  object space 252416K, 51% used [0x00000000c0000000,0x00000000c7f680a8,0x00000000cf680000)
 Metaspace       used 6000K, capacity 7152K, committed 7296K, reserved 1056768K
  class space    used 571K, capacity 616K, committed 640K, reserved 1048576K

Card table byte_map: [0x0000000011b50000,0x0000000011d60000] byte_map_base: 0x0000000011550000

Marking Bits: (ParMarkBitMap*) 0x000000005579b460
 Begin Bits: [0x00000000126a0000, 0x00000000136a0000)
 End Bits:   [0x00000000136a0000, 0x00000000146a0000)

Polling page: 0x0000000000130000

CodeCache: size=245760Kb used=8279Kb max_used=9077Kb free=237480Kb
 bounds [0x0000000002790000, 0x00000000030a0000, 0x0000000011790000]
 total_blobs=2024 nmethods=1764 adapters=174
 compilation: enabled

Compilation events (10 events):
Event: 28.042 Thread 0x000000005747f000 nmethod 2353 0x0000000002d69850 code [0x0000000002d699c0, 0x0000000002d69b88]
Event: 28.042 Thread 0x000000005747f000 2354       3       java.util.zip.ZipEntry::isDirectory (10 bytes)
Event: 28.042 Thread 0x000000005747f000 nmethod 2354 0x00000000029afdd0 code [0x00000000029aff40, 0x00000000029b0268]
Event: 28.045 Thread 0x0000000057475000 nmethod 2357 0x00000000029af410 code [0x00000000029af5a0, 0x00000000029af9b8]
Event: 28.052 Thread 0x0000000054a97800 2358       4       com.android.dx.ssa.DeadCodeRemover::run (194 bytes)
Event: 28.054 Thread 0x0000000057475000 2359       4       com.android.dx.ssa.SsaMethod::onSourceChanged (65 bytes)
Event: 28.056 Thread 0x000000005747f000 2360       3       com.android.dx.rop.cst.CstFloat::getType (4 bytes)
Event: 28.056 Thread 0x000000005747f000 nmethod 2360 0x0000000002c60550 code [0x0000000002c606a0, 0x0000000002c607f0]
Event: 28.067 Thread 0x0000000057475000 nmethod 2359 0x0000000002b3e190 code [0x0000000002b3e300, 0x0000000002b3e988]
Event: 28.067 Thread 0x0000000057475000 2361 %     4       com.android.dx.ssa.SsaMethod::buildUseList @ 30 (112 bytes)

GC Heap History (10 events):
Event: 15.653 GC heap before
{Heap before GC invocations=12 (full 2):
 PSYoungGen      total 233472K, used 233453K [0x00000000eab00000, 0x0000000100000000, 0x0000000100000000)
  eden space 117760K, 100% used [0x00000000eab00000,0x00000000f1e00000,0x00000000f1e00000)
  from space 115712K, 99% used [0x00000000f1e00000,0x00000000f8efb6a0,0x00000000f8f00000)
  to   space 115712K, 0% used [0x00000000f8f00000,0x00000000f8f00000,0x0000000100000000)
 ParOldGen       total 163328K, used 104982K [0x00000000c0000000, 0x00000000c9f80000, 0x00000000eab00000)
  object space 163328K, 64% used [0x00000000c0000000,0x00000000c6685af0,0x00000000c9f80000)
 Metaspace       used 5873K, capacity 7024K, committed 7296K, reserved 1056768K
  class space    used 568K, capacity 616K, committed 640K, reserved 1048576K
Event: 16.272 GC heap after
Heap after GC invocations=12 (full 2):
 PSYoungGen      total 232448K, used 115694K [0x00000000eab00000, 0x0000000100000000, 0x0000000100000000)
  eden space 116736K, 0% used [0x00000000eab00000,0x00000000eab00000,0x00000000f1d00000)
  from space 115712K, 99% used [0x00000000f8f00000,0x00000000ffffbb98,0x0000000100000000)
  to   space 116224K, 0% used [0x00000000f1d00000,0x00000000f1d00000,0x00000000f8e80000)
 ParOldGen       total 163328K, used 153643K [0x00000000c0000000, 0x00000000c9f80000, 0x00000000eab00000)
  object space 163328K, 94% used [0x00000000c0000000,0x00000000c960af40,0x00000000c9f80000)
 Metaspace       used 5873K, capacity 7024K, committed 7296K, reserved 1056768K
  class space    used 568K, capacity 616K, committed 640K, reserved 1048576K
}
Event: 16.272 GC heap before
{Heap before GC invocations=13 (full 3):
 PSYoungGen      total 232448K, used 115694K [0x00000000eab00000, 0x0000000100000000, 0x0000000100000000)
  eden space 116736K, 0% used [0x00000000eab00000,0x00000000eab00000,0x00000000f1d00000)
  from space 115712K, 99% used [0x00000000f8f00000,0x00000000ffffbb98,0x0000000100000000)
  to   space 116224K, 0% used [0x00000000f1d00000,0x00000000f1d00000,0x00000000f8e80000)
 ParOldGen       total 163328K, used 153643K [0x00000000c0000000, 0x00000000c9f80000, 0x00000000eab00000)
  object space 163328K, 94% used [0x00000000c0000000,0x00000000c960af40,0x00000000c9f80000)
 Metaspace       used 5873K, capacity 7024K, committed 7296K, reserved 1056768K
  class space    used 568K, capacity 616K, committed 640K, reserved 1048576K
Event: 17.105 GC heap after
Heap after GC invocations=13 (full 3):
 PSYoungGen      total 232448K, used 0K [0x00000000eab00000, 0x0000000100000000, 0x0000000100000000)
  eden space 116736K, 0% used [0x00000000eab00000,0x00000000eab00000,0x00000000f1d00000)
  from space 115712K, 0% used [0x00000000f8f00000,0x00000000f8f00000,0x0000000100000000)
  to   space 116224K, 0% used [0x00000000f1d00000,0x00000000f1d00000,0x00000000f8e80000)
 ParOldGen       total 252416K, used 108804K [0x00000000c0000000, 0x00000000cf680000, 0x00000000eab00000)
  object space 252416K, 43% used [0x00000000c0000000,0x00000000c6a41050,0x00000000cf680000)
 Metaspace       used 5873K, capacity 7024K, committed 7296K, reserved 1056768K
  class space    used 568K, capacity 616K, committed 640K, reserved 1048576K
}
Event: 18.146 GC heap before
{Heap before GC invocations=14 (full 3):
 PSYoungGen      total 232448K, used 116736K [0x00000000eab00000, 0x0000000100000000, 0x0000000100000000)
  eden space 116736K, 100% used [0x00000000eab00000,0x00000000f1d00000,0x00000000f1d00000)
  from space 115712K, 0% used [0x00000000f8f00000,0x00000000f8f00000,0x0000000100000000)
  to   space 116224K, 0% used [0x00000000f1d00000,0x00000000f1d00000,0x00000000f8e80000)
 ParOldGen       total 252416K, used 108804K [0x00000000c0000000, 0x00000000cf680000, 0x00000000eab00000)
  object space 252416K, 43% used [0x00000000c0000000,0x00000000c6a41050,0x00000000cf680000)
 Metaspace       used 5873K, capacity 7024K, committed 7296K, reserved 1056768K
  class space    used 568K, capacity 616K, committed 640K, reserved 1048576K
Event: 18.372 GC heap after
Heap after GC invocations=14 (full 3):
 PSYoungGen      total 232960K, used 49445K [0x00000000eab00000, 0x0000000100000000, 0x0000000100000000)
  eden space 116736K, 0% used [0x00000000eab00000,0x00000000eab00000,0x00000000f1d00000)
  from space 116224K, 42% used [0x00000000f1d00000,0x00000000f4d497f0,0x00000000f8e80000)
  to   space 116224K, 0% used [0x00000000f8e80000,0x00000000f8e80000,0x0000000100000000)
 ParOldGen       total 252416K, used 108804K [0x00000000c0000000, 0x00000000cf680000, 0x00000000eab00000)
  object space 252416K, 43% used [0x00000000c0000000,0x00000000c6a41050,0x00000000cf680000)
 Metaspace       used 5873K, capacity 7024K, committed 7296K, reserved 1056768K
  class space    used 568K, capacity 616K, committed 640K, reserved 1048576K
}
Event: 19.574 GC heap before
{Heap before GC invocations=15 (full 3):
 PSYoungGen      total 232960K, used 166181K [0x00000000eab00000, 0x0000000100000000, 0x0000000100000000)
  eden space 116736K, 100% used [0x00000000eab00000,0x00000000f1d00000,0x00000000f1d00000)
  from space 116224K, 42% used [0x00000000f1d00000,0x00000000f4d497f0,0x00000000f8e80000)
  to   space 116224K, 0% used [0x00000000f8e80000,0x00000000f8e80000,0x0000000100000000)
 ParOldGen       total 252416K, used 108804K [0x00000000c0000000, 0x00000000cf680000, 0x00000000eab00000)
  object space 252416K, 43% used [0x00000000c0000000,0x00000000c6a41050,0x00000000cf680000)
 Metaspace       used 5900K, capacity 7024K, committed 7296K, reserved 1056768K
  class space    used 569K, capacity 616K, committed 640K, reserved 1048576K
Event: 20.079 GC heap after
Heap after GC invocations=15 (full 3):
 PSYoungGen      total 232960K, used 41348K [0x00000000eab00000, 0x0000000100000000, 0x0000000100000000)
  eden space 116736K, 0% used [0x00000000eab00000,0x00000000eab00000,0x00000000f1d00000)
  from space 116224K, 35% used [0x00000000f8e80000,0x00000000fb6e11e0,0x0000000100000000)
  to   space 116224K, 0% used [0x00000000f1d00000,0x00000000f1d00000,0x00000000f8e80000)
 ParOldGen       total 252416K, used 121656K [0x00000000c0000000, 0x00000000cf680000, 0x00000000eab00000)
  object space 252416K, 48% used [0x00000000c0000000,0x00000000c76ce3e8,0x00000000cf680000)
 Metaspace       used 5900K, capacity 7024K, committed 7296K, reserved 1056768K
  class space    used 569K, capacity 616K, committed 640K, reserved 1048576K
}
Event: 23.202 GC heap before
{Heap before GC invocations=16 (full 3):
 PSYoungGen      total 232960K, used 158084K [0x00000000eab00000, 0x0000000100000000, 0x0000000100000000)
  eden space 116736K, 100% used [0x00000000eab00000,0x00000000f1d00000,0x00000000f1d00000)
  from space 116224K, 35% used [0x00000000f8e80000,0x00000000fb6e11e0,0x0000000100000000)
  to   space 116224K, 0% used [0x00000000f1d00000,0x00000000f1d00000,0x00000000f8e80000)
 ParOldGen       total 252416K, used 121656K [0x00000000c0000000, 0x00000000cf680000, 0x00000000eab00000)
  object space 252416K, 48% used [0x00000000c0000000,0x00000000c76ce3e8,0x00000000cf680000)
 Metaspace       used 5914K, capacity 7088K, committed 7296K, reserved 1056768K
  class space    used 569K, capacity 616K, committed 640K, reserved 1048576K
Event: 23.440 GC heap after
Heap after GC invocations=16 (full 3):
 PSYoungGen      total 232960K, used 14501K [0x00000000eab00000, 0x0000000100000000, 0x0000000100000000)
  eden space 116736K, 0% used [0x00000000eab00000,0x00000000eab00000,0x00000000f1d00000)
  from space 116224K, 12% used [0x00000000f1d00000,0x00000000f2b29468,0x00000000f8e80000)
  to   space 116224K, 0% used [0x00000000f8e80000,0x00000000f8e80000,0x0000000100000000)
 ParOldGen       total 252416K, used 130464K [0x00000000c0000000, 0x00000000cf680000, 0x00000000eab00000)
  object space 252416K, 51% used [0x00000000c0000000,0x00000000c7f680a8,0x00000000cf680000)
 Metaspace       used 5914K, capacity 7088K, committed 7296K, reserved 1056768K
  class space    used 569K, capacity 616K, committed 640K, reserved 1048576K
}

Deoptimization events (10 events):
Event: 22.435 Thread 0x000000000220f800 Uncommon trap: reason=class_check action=maybe_recompile pc=0x0000000002f8a8f8 method=com.android.dx.ssa.SCCP.simulateMath(Lcom/android/dx/ssa/SsaInsn;I)Lcom/android/dx/rop/cst/Constant; @ 67
Event: 22.514 Thread 0x000000000220f800 Uncommon trap: reason=unreached action=reinterpret pc=0x0000000002c32a34 method=com.android.dx.ssa.MoveParamCombiner$1.visitNonMoveInsn(Lcom/android/dx/ssa/NormalSsaInsn;)V @ 27
Event: 27.123 Thread 0x000000000220f800 Uncommon trap: reason=bimorphic action=maybe_recompile pc=0x0000000002d03f34 method=com.android.dx.cf.code.BytecodeArray.parseInstruction(ILcom/android/dx/cf/code/BytecodeArray$Visitor;)I @ 2281
Event: 27.123 Thread 0x000000000220f800 Uncommon trap: reason=bimorphic action=maybe_recompile pc=0x0000000002d03f34 method=com.android.dx.cf.code.BytecodeArray.parseInstruction(ILcom/android/dx/cf/code/BytecodeArray$Visitor;)I @ 2281
Event: 27.206 Thread 0x000000000220f800 Uncommon trap: reason=unreached action=reinterpret pc=0x0000000002fa4be0 method=java.util.HashMap.putVal(ILjava/lang/Object;Ljava/lang/Object;ZZ)Ljava/lang/Object; @ 109
Event: 27.420 Thread 0x000000000220f800 Uncommon trap: reason=unreached action=reinterpret pc=0x00000000028dca44 method=com.android.dx.ssa.SsaInsn.getLocalAssignment()Lcom/android/dx/rop/code/RegisterSpec; @ 14
Event: 27.428 Thread 0x000000000220f800 Uncommon trap: reason=unreached action=reinterpret pc=0x0000000002fe2660 method=com.android.dx.ssa.SsaConverter.placePhiFunctions(Lcom/android/dx/ssa/SsaMethod;Lcom/android/dx/ssa/LocalVariableInfo;I)V @ 327
Event: 27.428 Thread 0x000000000220f800 Uncommon trap: reason=unreached action=reinterpret pc=0x0000000003014058 method=com.android.dx.ssa.SsaInsn.getLocalAssignment()Lcom/android/dx/rop/code/RegisterSpec; @ 14
Event: 27.428 Thread 0x000000000220f800 Uncommon trap: reason=unreached action=reinterpret pc=0x00000000029eeba4 method=com.android.dx.ssa.SsaInsn.getLocalAssignment()Lcom/android/dx/rop/code/RegisterSpec; @ 14
Event: 28.064 Thread 0x000000000220f800 Uncommon trap: reason=bimorphic action=maybe_recompile pc=0x0000000002cf0d9c method=com.android.dx.cf.code.RopperMachine.run(Lcom/android/dx/cf/code/Frame;II)V @ 988

Internal exceptions (10 events):
Event: 3.065 Thread 0x000000000220f800 Exception <a 'java/security/PrivilegedActionException'> (0x00000000ecd79ac0) thrown at [D:\re\workspace\8-2-build-windows-amd64-cygwin\jdk8u20\1074\hotspot\src\share\vm\prims\jvm.cpp, line 1275]
Event: 4.221 Thread 0x000000000220f800 Exception <a 'java/lang/ArrayIndexOutOfBoundsException': 18> (0x00000000f0d0d948) thrown at [D:\re\workspace\8-2-build-windows-amd64-cygwin\jdk8u20\1074\hotspot\src\share\vm\interpreter\interpreterRuntime.cpp, line 366]
Event: 4.222 Thread 0x000000000220f800 Exception <a 'java/lang/ArrayIndexOutOfBoundsException'> (0x00000000f0d0f3e0) thrown at [D:\re\workspace\8-2-build-windows-amd64-cygwin\jdk8u20\1074\hotspot\src\share\vm\runtime\sharedRuntime.cpp, line 604]
Event: 4.222 Thread 0x000000000220f800 Exception <a 'java/lang/ArrayIndexOutOfBoundsException'> (0x00000000f0d105f8) thrown at [D:\re\workspace\8-2-build-windows-amd64-cygwin\jdk8u20\1074\hotspot\src\share\vm\runtime\sharedRuntime.cpp, line 604]
Event: 15.095 Thread 0x000000000220f800 Exception <a 'java/security/PrivilegedActionException'> (0x00000000ee9a3a00) thrown at [D:\re\workspace\8-2-build-windows-amd64-cygwin\jdk8u20\1074\hotspot\src\share\vm\prims\jvm.cpp, line 1275]
Event: 18.882 Thread 0x000000000220f800 Exception <a 'java/security/PrivilegedActionException'> (0x00000000eeae7940) thrown at [D:\re\workspace\8-2-build-windows-amd64-cygwin\jdk8u20\1074\hotspot\src\share\vm\prims\jvm.cpp, line 1275]
Event: 27.106 Thread 0x000000000220f800 Exception <a 'java/security/PrivilegedActionException'> (0x00000000ebf40620) thrown at [D:\re\workspace\8-2-build-windows-amd64-cygwin\jdk8u20\1074\hotspot\src\share\vm\prims\jvm.cpp, line 1275]
Event: 27.444 Thread 0x000000000220f800 Exception <a 'java/security/PrivilegedActionException'> (0x00000000eeec81c0) thrown at [D:\re\workspace\8-2-build-windows-amd64-cygwin\jdk8u20\1074\hotspot\src\share\vm\prims\jvm.cpp, line 1275]
Event: 27.446 Thread 0x000000000220f800 Exception <a 'java/security/PrivilegedActionException'> (0x00000000eeed2180) thrown at [D:\re\workspace\8-2-build-windows-amd64-cygwin\jdk8u20\1074\hotspot\src\share\vm\prims\jvm.cpp, line 1275]
Event: 27.446 Thread 0x000000000220f800 Exception <a 'java/security/PrivilegedActionException'> (0x00000000eeed4738) thrown at [D:\re\workspace\8-2-build-windows-amd64-cygwin\jdk8u20\1074\hotspot\src\share\vm\prims\jvm.cpp, line 1275]

Events (10 events):
Event: 27.481 Thread 0x000000000220f800 DEOPT UNPACKING pc=0x00000000027d75bf sp=0x000000000243e7e0 mode 0
Event: 27.499 Thread 0x000000000220f800 DEOPT PACKING pc=0x0000000002c31b27 sp=0x000000000243e950
Event: 27.499 Thread 0x000000000220f800 DEOPT UNPACKING pc=0x00000000027d75bf sp=0x000000000243e680 mode 0
Event: 27.499 Thread 0x000000000220f800 DEOPT PACKING pc=0x0000000002c3aefb sp=0x000000000243e770
Event: 27.499 Thread 0x000000000220f800 DEOPT UNPACKING pc=0x00000000027d75bf sp=0x000000000243e538 mode 0
Event: 28.030 Thread 0x000000000220f800 DEOPT PACKING pc=0x0000000002d1d431 sp=0x000000000243e9b0
Event: 28.030 Thread 0x000000000220f800 DEOPT UNPACKING pc=0x00000000027d75bf sp=0x000000000243e7e0 mode 0
Event: 28.064 Thread 0x000000000220f800 Uncommon trap: trap_request=0xffffffc6 fr.pc=0x0000000002cf0d9c
Event: 28.064 Thread 0x000000000220f800 DEOPT PACKING pc=0x0000000002cf0d9c sp=0x000000000243e8e0
Event: 28.064 Thread 0x000000000220f800 DEOPT UNPACKING pc=0x00000000027d556a sp=0x000000000243e878 mode 2


Dynamic libraries:
0x000000013f960000 - 0x000000013f994000 	C:\Program Files\Java\jdk1.8.0_20\bin\java.exe
0x0000000077360000 - 0x0000000077509000 	C:\Windows\SYSTEM32\ntdll.dll
0x0000000077240000 - 0x000000007735f000 	C:\Windows\system32\kernel32.dll
0x000007fefd4e0000 - 0x000007fefd54c000 	C:\Windows\system32\KERNELBASE.dll
0x000007fefee90000 - 0x000007fefef6b000 	C:\Windows\system32\ADVAPI32.dll
0x000007feff0f0000 - 0x000007feff18f000 	C:\Windows\system32\msvcrt.dll
0x000007feff460000 - 0x000007feff47f000 	C:\Windows\SYSTEM32\sechost.dll
0x000007feff270000 - 0x000007feff39d000 	C:\Windows\system32\RPCRT4.dll
0x0000000077140000 - 0x000000007723a000 	C:\Windows\system32\USER32.dll
0x000007fefefb0000 - 0x000007feff017000 	C:\Windows\system32\GDI32.dll
0x000007fefefa0000 - 0x000007fefefae000 	C:\Windows\system32\LPK.dll
0x000007fefdb70000 - 0x000007fefdc39000 	C:\Windows\system32\USP10.dll
0x000007fefb760000 - 0x000007fefb954000 	C:\Windows\WinSxS\amd64_microsoft.windows.common-controls_6595b64144ccf1df_6.0.7601.18837_none_fa3b1e3d17594757\COMCTL32.dll
0x000007feff5f0000 - 0x000007feff661000 	C:\Windows\system32\SHLWAPI.dll
0x000007fefef70000 - 0x000007fefef9e000 	C:\Windows\system32\IMM32.DLL
0x000007feff4e0000 - 0x000007feff5e9000 	C:\Windows\system32\MSCTF.dll
0x0000000054e80000 - 0x0000000054f52000 	C:\Program Files\Java\jdk1.8.0_20\jre\bin\msvcr100.dll
0x0000000054fc0000 - 0x0000000055818000 	C:\Program Files\Java\jdk1.8.0_20\jre\bin\server\jvm.dll
0x000007fef59c0000 - 0x000007fef59c9000 	C:\Windows\system32\WSOCK32.dll
0x000007feff0a0000 - 0x000007feff0ed000 	C:\Windows\system32\WS2_32.dll
0x000007fefd950000 - 0x000007fefd958000 	C:\Windows\system32\NSI.dll
0x000007fefb310000 - 0x000007fefb34b000 	C:\Windows\system32\WINMM.dll
0x0000000077530000 - 0x0000000077537000 	C:\Windows\system32\PSAPI.DLL
0x000000006f3d0000 - 0x000000006f3df000 	C:\Program Files\Java\jdk1.8.0_20\jre\bin\verify.dll
0x000000006f3a0000 - 0x000000006f3c8000 	C:\Program Files\Java\jdk1.8.0_20\jre\bin\java.dll
0x000000006f380000 - 0x000000006f396000 	C:\Program Files\Java\jdk1.8.0_20\jre\bin\zip.dll
0x000007fefdc40000 - 0x000007fefe9c9000 	C:\Windows\system32\SHELL32.dll
0x000007fefd960000 - 0x000007fefdb63000 	C:\Windows\system32\ole32.dll
0x000007fefd1a0000 - 0x000007fefd1af000 	C:\Windows\system32\profapi.dll

VM Arguments:
jvm_args: -Xmx1024M -Dfile.encoding=windows-1252 -Duser.country=CA -Duser.language=en -Duser.variant 
java_command: com.android.dx.command.Main --dex --output C:\Users\100451790\AndroidStudioProjects\SimpleMap\app\build\intermediates\pre-dexed\debug\classes-aacd81cfcebcbd2dd1739461d973a182fe4901dc.jar C:\Users\100451790\AndroidStudioProjects\SimpleMap\app\build\intermediates\exploded-aar\com.google.android.gms\play-services-analytics\7.8.0\jars\classes.jar
java_class_path (initial): C:\Users\100451790\AppData\Local\Android\sdk\build-tools\21.1.2\lib\dx.jar
Launcher Type: SUN_STANDARD

Environment Variables:
JAVA_HOME=C:\Program Files\Java\jdk1.8.0_20
PATH=C:\Program Files (x86)\NVIDIA Corporation\PhysX\Common;C:\ProgramData\Oracle\Java\javapath;C:\Python27\;C:\Python27\Scripts;C:\Windows\system32;C:\Windows;C:\Windows\System32\Wbem;C:\Windows\System32\WindowsPowerShell\v1.0\;C:\Program Files (x86)\QuickTime\QTSystem\;C:\Program Files (x86)\CambridgeSoft\ChemOffice2012\ChemScript\Lib;C:\Program Files (x86)\MATLAB\R2013a\runtime\win64;C:\Program Files (x86)\MATLAB\R2013a\bin;C:\Program Files (x86)\Mercurial;C:\Program Files (x86)\MiKTeX 2.9\miktex\bin\;C:\Program Files\SASHome\Secure;C:\Program Files\SASHome\x86\Secure;C:\Program Files\TortoiseHg\;C:\Program Files (x86)\Windows Kits\8.1\Windows Performance Toolkit\;C:\Program Files\Microsoft SQL Server\110\Tools\Binn\;C:\Program Files (x86)\Calibre2\;C:\Anaconda;C:\Anaconda\Scripts;C:\Program Files (x86)\Gow\bin;C:\Go\bin;C:\Program Files (x86)\Skype\Phone\;%APPDATA%\Python\Scripts;C:\Program Files\Java\jdk1.8.0_20\bin\;.;C:\Users\100451790\AppData\Local\GitHub\PortableGit_c2ba306e536fdf878271f7fe636a147ff37326ad\cmd;
USERNAME=100451790
OS=Windows_NT
PROCESSOR_IDENTIFIER=Intel64 Family 6 Model 58 Stepping 9, GenuineIntel



---------------  S Y S T E M  ---------------

OS: Windows 7 , 64 bit Build 7601 Service Pack 1

CPU:total 4 (2 cores per cpu, 2 threads per core) family 6 model 58 stepping 9, cmov, cx8, fxsr, mmx, sse, sse2, sse3, ssse3, sse4.1, sse4.2, popcnt, avx, aes, clmul, erms, ht, tsc, tscinvbit, tscinv

Memory: 4k page, physical 8147760k(865736k free), swap 11291648k(5136k free)

vm_info: Java HotSpot(TM) 64-Bit Server VM (25.20-b23) for windows-amd64 JRE (1.8.0_20-b26), built on Jul 30 2014 13:51:23 by "java_re" with MS VC++ 10.0 (VS2010)

time: Fri Oct 16 19:52:56 2015
elapsed time: 28 seconds (0d 0h 0m 28s)

