#
# There is insufficient memory for the Java Runtime Environment to continue.
# Native memory allocation (malloc) failed to allocate 32744 bytes for ChunkPool::allocate
# Possible reasons:
#   The system is out of physical RAM or swap space
#   In 32 bit mode, the process size limit was hit
# Possible solutions:
#   Reduce memory load on the system
#   Increase physical memory or swap space
#   Check if swap backing store is full
#   Use 64 bit Java on a 64 bit OS
#   Decrease Java heap size (-Xmx/-Xms)
#   Decrease number of Java threads
#   Decrease Java thread stack sizes (-Xss)
#   Set larger code cache with -XX:ReservedCodeCacheSize=
# This output file may be truncated or incomplete.
#
#  Out of Memory Error (allocation.cpp:273), pid=15368, tid=15776
#
# JRE version: Java(TM) SE Runtime Environment (8.0_20-b26) (build 1.8.0_20-b26)
# Java VM: Java HotSpot(TM) 64-Bit Server VM (25.20-b23 mixed mode windows-amd64 compressed oops)
# Failed to write core dump. Minidumps are not enabled by default on client versions of Windows
#

---------------  T H R E A D  ---------------

Current thread (0x0000000057256000):  JavaThread "C1 CompilerThread2" daemon [_thread_in_native, id=15776, stack(0x0000000057720000,0x0000000057820000)]

Stack: [0x0000000057720000,0x0000000057820000]
Native frames: (J=compiled Java code, j=interpreted, Vv=VM code, C=native code)
V  [jvm.dll+0x3152fa]
V  [jvm.dll+0x265d03]
V  [jvm.dll+0x266943]
V  [jvm.dll+0x25e265]
V  [jvm.dll+0xbdfb1]
V  [jvm.dll+0xbe6fc]
V  [jvm.dll+0x25d3d7]
V  [jvm.dll+0x25d5a5]
V  [jvm.dll+0x4081fd]
V  [jvm.dll+0x40d246]
V  [jvm.dll+0x3ebe90]
V  [jvm.dll+0x3ec260]
V  [jvm.dll+0x3ec392]
V  [jvm.dll+0x3ec55e]
V  [jvm.dll+0x3ec75f]
V  [jvm.dll+0x97b62]
V  [jvm.dll+0x98353]
V  [jvm.dll+0x22aac4]
V  [jvm.dll+0x283f5a]
C  [msvcr100.dll+0x21d9f]
C  [msvcr100.dll+0x21e3b]
C  [kernel32.dll+0x15a4d]
C  [ntdll.dll+0x2b831]


Current CompileTask:
C1:  28505 2139       3       java.util.TreeMap::fixAfterInsertion (267 bytes)


---------------  P R O C E S S  ---------------

Java Threads: ( => current thread )
  0x000000005728a800 JavaThread "Service Thread" daemon [_thread_blocked, id=17076, stack(0x00000000578d0000,0x00000000579d0000)]
=>0x0000000057256000 JavaThread "C1 CompilerThread2" daemon [_thread_in_native, id=15776, stack(0x0000000057720000,0x0000000057820000)]
  0x0000000057254800 JavaThread "C2 CompilerThread1" daemon [_thread_in_native, id=15816, stack(0x0000000057610000,0x0000000057710000)]
  0x0000000055a19800 JavaThread "C2 CompilerThread0" daemon [_thread_in_native, id=11212, stack(0x0000000056ba0000,0x0000000056ca0000)]
  0x0000000055a16000 JavaThread "Attach Listener" daemon [_thread_blocked, id=7000, stack(0x0000000057110000,0x0000000057210000)]
  0x0000000055a12800 JavaThread "Signal Dispatcher" daemon [_thread_blocked, id=7376, stack(0x0000000056fa0000,0x00000000570a0000)]
  0x00000000559b5800 JavaThread "Finalizer" daemon [_thread_blocked, id=10652, stack(0x0000000056e50000,0x0000000056f50000)]
  0x00000000559ac800 JavaThread "Reference Handler" daemon [_thread_blocked, id=16540, stack(0x0000000056cc0000,0x0000000056dc0000)]
  0x00000000003af800 JavaThread "main" [_thread_in_vm, id=17060, stack(0x0000000002210000,0x0000000002310000)]

Other Threads:
  0x00000000559a7000 VMThread [stack: 0x0000000056a80000,0x0000000056b80000] [id=16640]
  0x000000005728d800 WatcherThread [stack: 0x0000000057bc0000,0x0000000057cc0000] [id=15096]

VM state:synchronizing (normal execution)

VM Mutex/Monitor currently owned by a thread:  ([mutex/lock_event])
[0x00000000003ac960] Threads_lock - owner thread: 0x00000000559a7000

Heap:
 PSYoungGen      total 232960K, used 109189K [0x00000000eab00000, 0x0000000100000000, 0x0000000100000000)
  eden space 116736K, 51% used [0x00000000eab00000,0x00000000ee633b88,0x00000000f1d00000)
  from space 116224K, 41% used [0x00000000f1d00000,0x00000000f4c6d910,0x00000000f8e80000)
  to   space 116224K, 0% used [0x00000000f8e80000,0x00000000f8e80000,0x0000000100000000)
 ParOldGen       total 253440K, used 110530K [0x00000000c0000000, 0x00000000cf780000, 0x00000000eab00000)
  object space 253440K, 43% used [0x00000000c0000000,0x00000000c6bf0868,0x00000000cf780000)
 Metaspace       used 5932K, capacity 7024K, committed 7296K, reserved 1056768K
  class space    used 568K, capacity 616K, committed 640K, reserved 1048576K

Card table byte_map: [0x0000000011a80000,0x0000000011c90000] byte_map_base: 0x0000000011480000

Marking Bits: (ParMarkBitMap*) 0x000000005579b460
 Begin Bits: [0x00000000123b0000, 0x00000000133b0000)
 End Bits:   [0x00000000133b0000, 0x00000000143b0000)

Polling page: 0x0000000000330000

CodeCache: size=245760Kb used=9805Kb max_used=9805Kb free=235954Kb
 bounds [0x00000000026c0000, 0x0000000003060000, 0x00000000116c0000]
 total_blobs=2237 nmethods=1977 adapters=174
 compilation: enabled

Compilation events (10 events):
Event: 27.928 Thread 0x0000000057256000 nmethod 2134 0x0000000003037910 code [0x0000000003037a80, 0x0000000003037c08]
Event: 27.929 Thread 0x0000000057256000 2135       3       com.android.dx.cf.code.Simulator$SimVisitor::visitLocal (329 bytes)
Event: 27.930 Thread 0x0000000057254800 nmethod 2133 0x0000000003049390 code [0x00000000030494e0, 0x00000000030496d8]
Event: 27.932 Thread 0x0000000057256000 nmethod 2135 0x0000000003058190 code [0x00000000030585c0, 0x000000000305b118]
Event: 27.933 Thread 0x0000000055a19800 2136       4       com.android.dx.ssa.SsaRenamer$BlockRenamer::updateSuccessorPhis (64 bytes)
Event: 27.933 Thread 0x0000000057256000 2137       3       com.android.dx.rop.type.Prototype::getParameterFrameTypes (96 bytes)
Event: 27.934 Thread 0x0000000057256000 nmethod 2137 0x000000000303a0d0 code [0x000000000303a300, 0x000000000303b278]
Event: 27.934 Thread 0x0000000057256000 2138       3       java.util.HashMap::getNode (148 bytes)
Event: 27.935 Thread 0x0000000057256000 nmethod 2138 0x000000000301e5d0 code [0x000000000301e7c0, 0x000000000301f408]
Event: 27.937 Thread 0x0000000057256000 2139       3       java.util.TreeMap::fixAfterInsertion (267 bytes)

GC Heap History (10 events):
Event: 15.914 GC heap before
{Heap before GC invocations=10 (full 2):
 PSYoungGen      total 263168K, used 263145K [0x00000000eab00000, 0x0000000100000000, 0x0000000100000000)
  eden space 197120K, 100% used [0x00000000eab00000,0x00000000f6b80000,0x00000000f6b80000)
  from space 66048K, 99% used [0x00000000f6b80000,0x00000000fabfa510,0x00000000fac00000)
  to   space 85504K, 0% used [0x00000000fac80000,0x00000000fac80000,0x0000000100000000)
 ParOldGen       total 163328K, used 56575K [0x00000000c0000000, 0x00000000c9f80000, 0x00000000eab00000)
  object space 163328K, 34% used [0x00000000c0000000,0x00000000c373fe70,0x00000000c9f80000)
 Metaspace       used 5925K, capacity 7024K, committed 7296K, reserved 1056768K
  class space    used 567K, capacity 616K, committed 640K, reserved 1048576K
Event: 16.908 GC heap after
Heap after GC invocations=10 (full 2):
 PSYoungGen      total 213504K, used 85491K [0x00000000eab00000, 0x0000000100000000, 0x0000000100000000)
  eden space 128000K, 0% used [0x00000000eab00000,0x00000000eab00000,0x00000000f2800000)
  from space 85504K, 99% used [0x00000000fac80000,0x00000000ffffcdf0,0x0000000100000000)
  to   space 110592K, 0% used [0x00000000f2800000,0x00000000f2800000,0x00000000f9400000)
 ParOldGen       total 163328K, used 80131K [0x00000000c0000000, 0x00000000c9f80000, 0x00000000eab00000)
  object space 163328K, 49% used [0x00000000c0000000,0x00000000c4e40d78,0x00000000c9f80000)
 Metaspace       used 5925K, capacity 7024K, committed 7296K, reserved 1056768K
  class space    used 567K, capacity 616K, committed 640K, reserved 1048576K
}
Event: 18.052 GC heap before
{Heap before GC invocations=11 (full 2):
 PSYoungGen      total 213504K, used 213491K [0x00000000eab00000, 0x0000000100000000, 0x0000000100000000)
  eden space 128000K, 100% used [0x00000000eab00000,0x00000000f2800000,0x00000000f2800000)
  from space 85504K, 99% used [0x00000000fac80000,0x00000000ffffcdf0,0x0000000100000000)
  to   space 110592K, 0% used [0x00000000f2800000,0x00000000f2800000,0x00000000f9400000)
 ParOldGen       total 163328K, used 80131K [0x00000000c0000000, 0x00000000c9f80000, 0x00000000eab00000)
  object space 163328K, 49% used [0x00000000c0000000,0x00000000c4e40d78,0x00000000c9f80000)
 Metaspace       used 5930K, capacity 7024K, committed 7296K, reserved 1056768K
  class space    used 567K, capacity 616K, committed 640K, reserved 1048576K
Event: 19.305 GC heap after
Heap after GC invocations=11 (full 2):
 PSYoungGen      total 238592K, used 110570K [0x00000000eab00000, 0x0000000100000000, 0x0000000100000000)
  eden space 128000K, 0% used [0x00000000eab00000,0x00000000eab00000,0x00000000f2800000)
  from space 110592K, 99% used [0x00000000f2800000,0x00000000f93fa820,0x00000000f9400000)
  to   space 110592K, 0% used [0x00000000f9400000,0x00000000f9400000,0x0000000100000000)
 ParOldGen       total 163328K, used 105931K [0x00000000c0000000, 0x00000000c9f80000, 0x00000000eab00000)
  object space 163328K, 64% used [0x00000000c0000000,0x00000000c6772f20,0x00000000c9f80000)
 Metaspace       used 5930K, capacity 7024K, committed 7296K, reserved 1056768K
  class space    used 567K, capacity 616K, committed 640K, reserved 1048576K
}
Event: 20.152 GC heap before
{Heap before GC invocations=12 (full 2):
 PSYoungGen      total 238592K, used 238570K [0x00000000eab00000, 0x0000000100000000, 0x0000000100000000)
  eden space 128000K, 100% used [0x00000000eab00000,0x00000000f2800000,0x00000000f2800000)
  from space 110592K, 99% used [0x00000000f2800000,0x00000000f93fa820,0x00000000f9400000)
  to   space 110592K, 0% used [0x00000000f9400000,0x00000000f9400000,0x0000000100000000)
 ParOldGen       total 163328K, used 105931K [0x00000000c0000000, 0x00000000c9f80000, 0x00000000eab00000)
  object space 163328K, 64% used [0x00000000c0000000,0x00000000c6772f20,0x00000000c9f80000)
 Metaspace       used 5932K, capacity 7024K, committed 7296K, reserved 1056768K
  class space    used 568K, capacity 616K, committed 640K, reserved 1048576K
Event: 20.461 GC heap after
Heap after GC invocations=12 (full 2):
 PSYoungGen      total 227328K, used 110583K [0x00000000eab00000, 0x0000000100000000, 0x0000000100000000)
  eden space 116736K, 0% used [0x00000000eab00000,0x00000000eab00000,0x00000000f1d00000)
  from space 110592K, 99% used [0x00000000f9400000,0x00000000ffffdee8,0x0000000100000000)
  to   space 116224K, 0% used [0x00000000f1d00000,0x00000000f1d00000,0x00000000f8e80000)
 ParOldGen       total 164352K, used 163470K [0x00000000c0000000, 0x00000000ca080000, 0x00000000eab00000)
  object space 164352K, 99% used [0x00000000c0000000,0x00000000c9fa3bf0,0x00000000ca080000)
 Metaspace       used 5932K, capacity 7024K, committed 7296K, reserved 1056768K
  class space    used 568K, capacity 616K, committed 640K, reserved 1048576K
}
Event: 20.461 GC heap before
{Heap before GC invocations=13 (full 3):
 PSYoungGen      total 227328K, used 110583K [0x00000000eab00000, 0x0000000100000000, 0x0000000100000000)
  eden space 116736K, 0% used [0x00000000eab00000,0x00000000eab00000,0x00000000f1d00000)
  from space 110592K, 99% used [0x00000000f9400000,0x00000000ffffdee8,0x0000000100000000)
  to   space 116224K, 0% used [0x00000000f1d00000,0x00000000f1d00000,0x00000000f8e80000)
 ParOldGen       total 164352K, used 163470K [0x00000000c0000000, 0x00000000ca080000, 0x00000000eab00000)
  object space 164352K, 99% used [0x00000000c0000000,0x00000000c9fa3bf0,0x00000000ca080000)
 Metaspace       used 5932K, capacity 7024K, committed 7296K, reserved 1056768K
  class space    used 568K, capacity 616K, committed 640K, reserved 1048576K
Event: 22.435 GC heap after
Heap after GC invocations=13 (full 3):
 PSYoungGen      total 227328K, used 0K [0x00000000eab00000, 0x0000000100000000, 0x0000000100000000)
  eden space 116736K, 0% used [0x00000000eab00000,0x00000000eab00000,0x00000000f1d00000)
  from space 110592K, 0% used [0x00000000f9400000,0x00000000f9400000,0x0000000100000000)
  to   space 116224K, 0% used [0x00000000f1d00000,0x00000000f1d00000,0x00000000f8e80000)
 ParOldGen       total 253440K, used 110530K [0x00000000c0000000, 0x00000000cf780000, 0x00000000eab00000)
  object space 253440K, 43% used [0x00000000c0000000,0x00000000c6bf0868,0x00000000cf780000)
 Metaspace       used 5932K, capacity 7024K, committed 7296K, reserved 1056768K
  class space    used 568K, capacity 616K, committed 640K, reserved 1048576K
}
Event: 25.844 GC heap before
{Heap before GC invocations=14 (full 3):
 PSYoungGen      total 227328K, used 116736K [0x00000000eab00000, 0x0000000100000000, 0x0000000100000000)
  eden space 116736K, 100% used [0x00000000eab00000,0x00000000f1d00000,0x00000000f1d00000)
  from space 110592K, 0% used [0x00000000f9400000,0x00000000f9400000,0x0000000100000000)
  to   space 116224K, 0% used [0x00000000f1d00000,0x00000000f1d00000,0x00000000f8e80000)
 ParOldGen       total 253440K, used 110530K [0x00000000c0000000, 0x00000000cf780000, 0x00000000eab00000)
  object space 253440K, 43% used [0x00000000c0000000,0x00000000c6bf0868,0x00000000cf780000)
 Metaspace       used 5932K, capacity 7024K, committed 7296K, reserved 1056768K
  class space    used 568K, capacity 616K, committed 640K, reserved 1048576K
Event: 26.181 GC heap after
Heap after GC invocations=14 (full 3):
 PSYoungGen      total 232960K, used 48566K [0x00000000eab00000, 0x0000000100000000, 0x0000000100000000)
  eden space 116736K, 0% used [0x00000000eab00000,0x00000000eab00000,0x00000000f1d00000)
  from space 116224K, 41% used [0x00000000f1d00000,0x00000000f4c6d910,0x00000000f8e80000)
  to   space 116224K, 0% used [0x00000000f8e80000,0x00000000f8e80000,0x0000000100000000)
 ParOldGen       total 253440K, used 110530K [0x00000000c0000000, 0x00000000cf780000, 0x00000000eab00000)
  object space 253440K, 43% used [0x00000000c0000000,0x00000000c6bf0868,0x00000000cf780000)
 Metaspace       used 5932K, capacity 7024K, committed 7296K, reserved 1056768K
  class space    used 568K, capacity 616K, committed 640K, reserved 1048576K
}

Deoptimization events (10 events):
Event: 7.535 Thread 0x00000000003af800 Uncommon trap: reason=bimorphic action=maybe_recompile pc=0x0000000002e3cc2c method=java.util.HashMap.getNode(ILjava/lang/Object;)Ljava/util/HashMap$Node; @ 126
Event: 7.535 Thread 0x00000000003af800 Uncommon trap: reason=class_check action=maybe_recompile pc=0x0000000002e41aa4 method=java.util.HashMap.putVal(ILjava/lang/Object;Ljava/lang/Object;ZZ)Ljava/lang/Object; @ 203
Event: 7.535 Thread 0x00000000003af800 Uncommon trap: reason=bimorphic action=maybe_recompile pc=0x00000000029e5300 method=java.util.HashMap.getNode(ILjava/lang/Object;)Ljava/util/HashMap$Node; @ 126
Event: 7.535 Thread 0x00000000003af800 Uncommon trap: reason=bimorphic action=maybe_recompile pc=0x0000000002e3cc2c method=java.util.HashMap.getNode(ILjava/lang/Object;)Ljava/util/HashMap$Node; @ 126
Event: 17.633 Thread 0x00000000003af800 Uncommon trap: reason=class_check action=maybe_recompile pc=0x0000000002e41aa4 method=java.util.HashMap.putVal(ILjava/lang/Object;Ljava/lang/Object;ZZ)Ljava/lang/Object; @ 203
Event: 17.725 Thread 0x00000000003af800 Uncommon trap: reason=bimorphic action=maybe_recompile pc=0x0000000002e7fa0c method=com.android.dx.cf.code.BytecodeArray.parseInstruction(ILcom/android/dx/cf/code/BytecodeArray$Visitor;)I @ 2484
Event: 17.726 Thread 0x00000000003af800 Uncommon trap: reason=bimorphic action=maybe_recompile pc=0x0000000002e7fa0c method=com.android.dx.cf.code.BytecodeArray.parseInstruction(ILcom/android/dx/cf/code/BytecodeArray$Visitor;)I @ 2484
Event: 26.577 Thread 0x00000000003af800 Uncommon trap: reason=unreached action=reinterpret pc=0x0000000002e4808c method=com.android.dx.cf.code.Simulator$SimVisitor.visitLocal(IIIILcom/android/dx/rop/type/Type;I)V @ 162
Event: 26.577 Thread 0x00000000003af800 Uncommon trap: reason=unreached action=reinterpret pc=0x0000000002edcf1c method=com.android.dx.ssa.SsaRenamer$BlockRenamer.visitMoveInsn(Lcom/android/dx/ssa/NormalSsaInsn;)V @ 64
Event: 26.591 Thread 0x00000000003af800 Uncommon trap: reason=unreached action=reinterpret pc=0x0000000002e3e8a4 method=java.util.HashMap.putVal(ILjava/lang/Object;Ljava/lang/Object;ZZ)Ljava/lang/Object; @ 109

Internal exceptions (10 events):
Event: 2.324 Thread 0x00000000003af800 Exception <a 'java/security/PrivilegedActionException'> (0x00000000eb116670) thrown at [D:\re\workspace\8-2-build-windows-amd64-cygwin\jdk8u20\1074\hotspot\src\share\vm\prims\jvm.cpp, line 1275]
Event: 2.575 Thread 0x00000000003af800 Implicit null exception at 0x0000000002ac04d2 to 0x0000000002ac05c2
Event: 3.050 Thread 0x00000000003af800 Exception <a 'java/security/PrivilegedActionException'> (0x00000000edfcd430) thrown at [D:\re\workspace\8-2-build-windows-amd64-cygwin\jdk8u20\1074\hotspot\src\share\vm\prims\jvm.cpp, line 1275]
Event: 3.081 Thread 0x00000000003af800 Exception <a 'java/security/PrivilegedActionException'> (0x00000000ee1028c8) thrown at [D:\re\workspace\8-2-build-windows-amd64-cygwin\jdk8u20\1074\hotspot\src\share\vm\prims\jvm.cpp, line 1275]
Event: 3.725 Thread 0x00000000003af800 Exception <a 'java/security/PrivilegedActionException'> (0x00000000ecd6cf70) thrown at [D:\re\workspace\8-2-build-windows-amd64-cygwin\jdk8u20\1074\hotspot\src\share\vm\prims\jvm.cpp, line 1275]
Event: 5.402 Thread 0x00000000003af800 Exception <a 'java/security/PrivilegedActionException'> (0x00000000ee5e5190) thrown at [D:\re\workspace\8-2-build-windows-amd64-cygwin\jdk8u20\1074\hotspot\src\share\vm\prims\jvm.cpp, line 1275]
Event: 6.030 Thread 0x00000000003af800 Exception <a 'java/lang/ArrayIndexOutOfBoundsException': 18> (0x00000000f0ce9978) thrown at [D:\re\workspace\8-2-build-windows-amd64-cygwin\jdk8u20\1074\hotspot\src\share\vm\interpreter\interpreterRuntime.cpp, line 366]
Event: 6.031 Thread 0x00000000003af800 Exception <a 'java/lang/ArrayIndexOutOfBoundsException'> (0x00000000f0ceb410) thrown at [D:\re\workspace\8-2-build-windows-amd64-cygwin\jdk8u20\1074\hotspot\src\share\vm\runtime\sharedRuntime.cpp, line 604]
Event: 6.032 Thread 0x00000000003af800 Exception <a 'java/lang/ArrayIndexOutOfBoundsException'> (0x00000000f0cec628) thrown at [D:\re\workspace\8-2-build-windows-amd64-cygwin\jdk8u20\1074\hotspot\src\share\vm\runtime\sharedRuntime.cpp, line 604]
Event: 19.713 Thread 0x00000000003af800 Exception <a 'java/security/PrivilegedActionException'> (0x00000000ef06d3c0) thrown at [D:\re\workspace\8-2-build-windows-amd64-cygwin\jdk8u20\1074\hotspot\src\share\vm\prims\jvm.cpp, line 1275]

Events (10 events):
Event: 26.181 Executing VM operation: ParallelGCFailedAllocation done
Event: 26.577 Thread 0x00000000003af800 Uncommon trap: trap_request=0xffffffad fr.pc=0x0000000002e4808c
Event: 26.577 Thread 0x00000000003af800 DEOPT PACKING pc=0x0000000002e4808c sp=0x000000000230ea70
Event: 26.577 Thread 0x00000000003af800 DEOPT UNPACKING pc=0x000000000270556a sp=0x000000000230ea40 mode 2
Event: 26.577 Thread 0x00000000003af800 Uncommon trap: trap_request=0xffffffad fr.pc=0x0000000002edcf1c
Event: 26.577 Thread 0x00000000003af800 DEOPT PACKING pc=0x0000000002edcf1c sp=0x000000000230ea70
Event: 26.577 Thread 0x00000000003af800 DEOPT UNPACKING pc=0x000000000270556a sp=0x000000000230e8d0 mode 2
Event: 26.591 Thread 0x00000000003af800 Uncommon trap: trap_request=0xffffffad fr.pc=0x0000000002e3e8a4
Event: 26.591 Thread 0x00000000003af800 DEOPT PACKING pc=0x0000000002e3e8a4 sp=0x000000000230e9d0
Event: 26.591 Thread 0x00000000003af800 DEOPT UNPACKING pc=0x000000000270556a sp=0x000000000230e7b0 mode 2


Dynamic libraries:
0x000000013f960000 - 0x000000013f994000 	C:\Program Files\Java\jdk1.8.0_20\bin\java.exe
0x0000000077360000 - 0x0000000077509000 	C:\Windows\SYSTEM32\ntdll.dll
0x0000000077240000 - 0x000000007735f000 	C:\Windows\system32\kernel32.dll
0x000007fefd4e0000 - 0x000007fefd54c000 	C:\Windows\system32\KERNELBASE.dll
0x000007fefee90000 - 0x000007fefef6b000 	C:\Windows\system32\ADVAPI32.dll
0x000007feff0f0000 - 0x000007feff18f000 	C:\Windows\system32\msvcrt.dll
0x000007feff460000 - 0x000007feff47f000 	C:\Windows\SYSTEM32\sechost.dll
0x000007feff270000 - 0x000007feff39d000 	C:\Windows\system32\RPCRT4.dll
0x0000000077140000 - 0x000000007723a000 	C:\Windows\system32\USER32.dll
0x000007fefefb0000 - 0x000007feff017000 	C:\Windows\system32\GDI32.dll
0x000007fefefa0000 - 0x000007fefefae000 	C:\Windows\system32\LPK.dll
0x000007fefdb70000 - 0x000007fefdc39000 	C:\Windows\system32\USP10.dll
0x000007fefb760000 - 0x000007fefb954000 	C:\Windows\WinSxS\amd64_microsoft.windows.common-controls_6595b64144ccf1df_6.0.7601.18837_none_fa3b1e3d17594757\COMCTL32.dll
0x000007feff5f0000 - 0x000007feff661000 	C:\Windows\system32\SHLWAPI.dll
0x000007fefef70000 - 0x000007fefef9e000 	C:\Windows\system32\IMM32.DLL
0x000007feff4e0000 - 0x000007feff5e9000 	C:\Windows\system32\MSCTF.dll
0x0000000054e80000 - 0x0000000054f52000 	C:\Program Files\Java\jdk1.8.0_20\jre\bin\msvcr100.dll
0x0000000054fc0000 - 0x0000000055818000 	C:\Program Files\Java\jdk1.8.0_20\jre\bin\server\jvm.dll
0x000007fef59c0000 - 0x000007fef59c9000 	C:\Windows\system32\WSOCK32.dll
0x000007feff0a0000 - 0x000007feff0ed000 	C:\Windows\system32\WS2_32.dll
0x000007fefd950000 - 0x000007fefd958000 	C:\Windows\system32\NSI.dll
0x000007fefb310000 - 0x000007fefb34b000 	C:\Windows\system32\WINMM.dll
0x0000000077530000 - 0x0000000077537000 	C:\Windows\system32\PSAPI.DLL
0x000000006f3d0000 - 0x000000006f3df000 	C:\Program Files\Java\jdk1.8.0_20\jre\bin\verify.dll
0x000000006f3a0000 - 0x000000006f3c8000 	C:\Program Files\Java\jdk1.8.0_20\jre\bin\java.dll
0x000000006f380000 - 0x000000006f396000 	C:\Program Files\Java\jdk1.8.0_20\jre\bin\zip.dll
0x000007fefdc40000 - 0x000007fefe9c9000 	C:\Windows\system32\SHELL32.dll
0x000007fefd960000 - 0x000007fefdb63000 	C:\Windows\system32\ole32.dll
0x000007fefd1a0000 - 0x000007fefd1af000 	C:\Windows\system32\profapi.dll
0x000007fef1620000 - 0x000007fef1745000 	C:\Windows\system32\dbghelp.dll

VM Arguments:
jvm_args: -Xmx1024M -Dfile.encoding=windows-1252 -Duser.country=CA -Duser.language=en -Duser.variant 
java_command: com.android.dx.command.Main --dex --output C:\Users\100451790\AndroidStudioProjects\SimpleMap\app\build\intermediates\pre-dexed\debug\classes-aacd81cfcebcbd2dd1739461d973a182fe4901dc.jar C:\Users\100451790\AndroidStudioProjects\SimpleMap\app\build\intermediates\exploded-aar\com.google.android.gms\play-services-analytics\7.8.0\jars\classes.jar
java_class_path (initial): C:\Users\100451790\AppData\Local\Android\sdk\build-tools\21.1.2\lib\dx.jar
Launcher Type: SUN_STANDARD

Environment Variables:
JAVA_HOME=C:\Program Files\Java\jdk1.8.0_20
PATH=C:\Program Files (x86)\NVIDIA Corporation\PhysX\Common;C:\ProgramData\Oracle\Java\javapath;C:\Python27\;C:\Python27\Scripts;C:\Windows\system32;C:\Windows;C:\Windows\System32\Wbem;C:\Windows\System32\WindowsPowerShell\v1.0\;C:\Program Files (x86)\QuickTime\QTSystem\;C:\Program Files (x86)\CambridgeSoft\ChemOffice2012\ChemScript\Lib;C:\Program Files (x86)\MATLAB\R2013a\runtime\win64;C:\Program Files (x86)\MATLAB\R2013a\bin;C:\Program Files (x86)\Mercurial;C:\Program Files (x86)\MiKTeX 2.9\miktex\bin\;C:\Program Files\SASHome\Secure;C:\Program Files\SASHome\x86\Secure;C:\Program Files\TortoiseHg\;C:\Program Files (x86)\Windows Kits\8.1\Windows Performance Toolkit\;C:\Program Files\Microsoft SQL Server\110\Tools\Binn\;C:\Program Files (x86)\Calibre2\;C:\Anaconda;C:\Anaconda\Scripts;C:\Program Files (x86)\Gow\bin;C:\Go\bin;C:\Program Files (x86)\Skype\Phone\;%APPDATA%\Python\Scripts;C:\Program Files\Java\jdk1.8.0_20\bin\;.;C:\Users\100451790\AppData\Local\GitHub\PortableGit_c2ba306e536fdf878271f7fe636a147ff37326ad\cmd;
USERNAME=100451790
OS=Windows_NT
PROCESSOR_IDENTIFIER=Intel64 Family 6 Model 58 Stepping 9, GenuineIntel



---------------  S Y S T E M  ---------------

OS: Windows 7 , 64 bit Build 7601 Service Pack 1

CPU:total 4 (2 cores per cpu, 2 threads per core) family 6 model 58 stepping 9, cmov, cx8, fxsr, mmx, sse, sse2, sse3, ssse3, sse4.1, sse4.2, popcnt, avx, aes, clmul, erms, ht, tsc, tscinvbit, tscinv

Memory: 4k page, physical 8147760k(1138960k free), swap 11291648k(356708k free)

vm_info: Java HotSpot(TM) 64-Bit Server VM (25.20-b23) for windows-amd64 JRE (1.8.0_20-b26), built on Jul 30 2014 13:51:23 by "java_re" with MS VC++ 10.0 (VS2010)

time: Fri Oct 16 19:54:33 2015
elapsed time: 28 seconds (0d 0h 0m 28s)

