#
# There is insufficient memory for the Java Runtime Environment to continue.
# Native memory allocation (malloc) failed to allocate 32744 bytes for ChunkPool::allocate
# Possible reasons:
#   The system is out of physical RAM or swap space
#   In 32 bit mode, the process size limit was hit
# Possible solutions:
#   Reduce memory load on the system
#   Increase physical memory or swap space
#   Check if swap backing store is full
#   Use 64 bit Java on a 64 bit OS
#   Decrease Java heap size (-Xmx/-Xms)
#   Decrease number of Java threads
#   Decrease Java thread stack sizes (-Xss)
#   Set larger code cache with -XX:ReservedCodeCacheSize=
# This output file may be truncated or incomplete.
#
#  Out of Memory Error (allocation.cpp:273), pid=8272, tid=4572
#
# JRE version: Java(TM) SE Runtime Environment (8.0_20-b26) (build 1.8.0_20-b26)
# Java VM: Java HotSpot(TM) 64-Bit Server VM (25.20-b23 mixed mode windows-amd64 compressed oops)
# Failed to write core dump. Minidumps are not enabled by default on client versions of Windows
#

---------------  T H R E A D  ---------------

Current thread (0x00000000549d9800):  JavaThread "C2 CompilerThread1" daemon [_thread_in_native, id=4572, stack(0x0000000057610000,0x0000000057710000)]

Stack: [0x0000000057610000,0x0000000057710000]
Native frames: (J=compiled Java code, j=interpreted, Vv=VM code, C=native code)
V  [jvm.dll+0x3152fa]


Current CompileTask:
C2:   9400 1725   !   4       com.android.dx.cf.code.BytecodeArray::parseInstruction (2764 bytes)


---------------  P R O C E S S  ---------------

Java Threads: ( => current thread )
  0x0000000057768800 JavaThread "Service Thread" daemon [_thread_blocked, id=16108, stack(0x0000000057dc0000,0x0000000057ec0000)]
  0x00000000549df800 JavaThread "C1 CompilerThread2" daemon [_thread_blocked, id=17204, stack(0x0000000057c00000,0x0000000057d00000)]
=>0x00000000549d9800 JavaThread "C2 CompilerThread1" daemon [_thread_in_native, id=4572, stack(0x0000000057610000,0x0000000057710000)]
  0x00000000549d7800 JavaThread "C2 CompilerThread0" daemon [_thread_in_native, id=8760, stack(0x00000000573a0000,0x00000000574a0000)]
  0x00000000549d4000 JavaThread "Attach Listener" daemon [_thread_blocked, id=10148, stack(0x00000000571b0000,0x00000000572b0000)]
  0x00000000549d1000 JavaThread "Signal Dispatcher" daemon [_thread_blocked, id=6064, stack(0x0000000056f70000,0x0000000057070000)]
  0x0000000054970000 JavaThread "Finalizer" daemon [_thread_blocked, id=8276, stack(0x0000000056d70000,0x0000000056e70000)]
  0x000000005496c800 JavaThread "Reference Handler" daemon [_thread_blocked, id=3632, stack(0x0000000056b60000,0x0000000056c60000)]
  0x000000000018f800 JavaThread "main" [_thread_in_native, id=6508, stack(0x0000000002460000,0x0000000002560000)]

Other Threads:
  0x0000000054967000 VMThread [stack: 0x0000000056a40000,0x0000000056b40000] [id=2220]
  0x000000005776c000 WatcherThread [stack: 0x00000000574b0000,0x00000000575b0000] [id=6232]

VM state:not at safepoint (normal execution)

VM Mutex/Monitor currently owned by a thread: None

Heap:
 PSYoungGen      total 70656K, used 44522K [0x00000000eab00000, 0x00000000ef500000, 0x0000000100000000)
  eden space 65536K, 60% used [0x00000000eab00000,0x00000000ed182888,0x00000000eeb00000)
  from space 5120K, 99% used [0x00000000eeb00000,0x00000000eeff8010,0x00000000ef000000)
  to   space 5120K, 0% used [0x00000000ef000000,0x00000000ef000000,0x00000000ef500000)
 ParOldGen       total 86016K, used 16880K [0x00000000c0000000, 0x00000000c5400000, 0x00000000eab00000)
  object space 86016K, 19% used [0x00000000c0000000,0x00000000c107c190,0x00000000c5400000)
 Metaspace       used 5962K, capacity 7152K, committed 7296K, reserved 1056768K
  class space    used 550K, capacity 616K, committed 640K, reserved 1048576K

Card table byte_map: [0x0000000011bf0000,0x0000000011e00000] byte_map_base: 0x00000000115f0000

Marking Bits: (ParMarkBitMap*) 0x000000005579b460
 Begin Bits: [0x00000000125e0000, 0x00000000135e0000)
 End Bits:   [0x00000000135e0000, 0x00000000145e0000)

Polling page: 0x0000000000130000

CodeCache: size=245760Kb used=7802Kb max_used=7802Kb free=237957Kb
 bounds [0x0000000002830000, 0x0000000002fe0000, 0x0000000011830000]
 total_blobs=2020 nmethods=1760 adapters=174
 compilation: enabled

Compilation events (10 events):
Event: 9.185 Thread 0x00000000549df800 1813       2       com.android.dx.cf.code.ExecutionStack::peekLocal (46 bytes)
Event: 9.185 Thread 0x00000000549df800 nmethod 1813 0x0000000002fd05d0 code [0x0000000002fd0760, 0x0000000002fd0a18]
Event: 9.185 Thread 0x00000000549df800 1814       2       com.android.dx.cf.code.BaseMachine::popArgs (204 bytes)
Event: 9.187 Thread 0x00000000549df800 nmethod 1814 0x0000000002fd0b90 code [0x0000000002fd0ee0, 0x0000000002fd1b48]
Event: 9.187 Thread 0x00000000549df800 1815       2       com.android.dx.rop.code.Rops::opAput (97 bytes)
Event: 9.187 Thread 0x00000000549df800 nmethod 1815 0x0000000002fd2890 code [0x0000000002fd2a60, 0x0000000002fd2f98]
Event: 9.259 Thread 0x00000000549df800 1817       2       com.android.dx.dex.file.ClassDataItem::addStaticField (51 bytes)
Event: 9.260 Thread 0x00000000549df800 nmethod 1817 0x0000000002fd3250 code [0x0000000002fd3420, 0x0000000002fd3968]
Event: 9.289 Thread 0x00000000549df800 1819       2       com.android.dx.dex.file.AnnotationUtils::makeInnerClass (65 bytes)
Event: 9.290 Thread 0x00000000549df800 nmethod 1819 0x0000000002fd4250 code [0x0000000002fd4420, 0x0000000002fd48f8]

GC Heap History (6 events):
Event: 2.340 GC heap before
{Heap before GC invocations=1 (full 0):
 PSYoungGen      total 37888K, used 32768K [0x00000000eab00000, 0x00000000ed500000, 0x0000000100000000)
  eden space 32768K, 100% used [0x00000000eab00000,0x00000000ecb00000,0x00000000ecb00000)
  from space 5120K, 0% used [0x00000000ed000000,0x00000000ed000000,0x00000000ed500000)
  to   space 5120K, 0% used [0x00000000ecb00000,0x00000000ecb00000,0x00000000ed000000)
 ParOldGen       total 86016K, used 0K [0x00000000c0000000, 0x00000000c5400000, 0x00000000eab00000)
  object space 86016K, 0% used [0x00000000c0000000,0x00000000c0000000,0x00000000c5400000)
 Metaspace       used 5803K, capacity 7024K, committed 7296K, reserved 1056768K
  class space    used 549K, capacity 616K, committed 640K, reserved 1048576K
Event: 2.905 GC heap after
Heap after GC invocations=1 (full 0):
 PSYoungGen      total 37888K, used 5095K [0x00000000eab00000, 0x00000000ef500000, 0x0000000100000000)
  eden space 32768K, 0% used [0x00000000eab00000,0x00000000eab00000,0x00000000ecb00000)
  from space 5120K, 99% used [0x00000000ecb00000,0x00000000ecff9c98,0x00000000ed000000)
  to   space 5120K, 0% used [0x00000000ef000000,0x00000000ef000000,0x00000000ef500000)
 ParOldGen       total 86016K, used 1716K [0x00000000c0000000, 0x00000000c5400000, 0x00000000eab00000)
  object space 86016K, 1% used [0x00000000c0000000,0x00000000c01ad030,0x00000000c5400000)
 Metaspace       used 5803K, capacity 7024K, committed 7296K, reserved 1056768K
  class space    used 549K, capacity 616K, committed 640K, reserved 1048576K
}
Event: 5.048 GC heap before
{Heap before GC invocations=2 (full 0):
 PSYoungGen      total 37888K, used 37863K [0x00000000eab00000, 0x00000000ef500000, 0x0000000100000000)
  eden space 32768K, 100% used [0x00000000eab00000,0x00000000ecb00000,0x00000000ecb00000)
  from space 5120K, 99% used [0x00000000ecb00000,0x00000000ecff9c98,0x00000000ed000000)
  to   space 5120K, 0% used [0x00000000ef000000,0x00000000ef000000,0x00000000ef500000)
 ParOldGen       total 86016K, used 1716K [0x00000000c0000000, 0x00000000c5400000, 0x00000000eab00000)
  object space 86016K, 1% used [0x00000000c0000000,0x00000000c01ad030,0x00000000c5400000)
 Metaspace       used 5881K, capacity 7088K, committed 7296K, reserved 1056768K
  class space    used 550K, capacity 616K, committed 640K, reserved 1048576K
Event: 5.827 GC heap after
Heap after GC invocations=2 (full 0):
 PSYoungGen      total 70656K, used 5111K [0x00000000eab00000, 0x00000000ef500000, 0x0000000100000000)
  eden space 65536K, 0% used [0x00000000eab00000,0x00000000eab00000,0x00000000eeb00000)
  from space 5120K, 99% used [0x00000000ef000000,0x00000000ef4fdc88,0x00000000ef500000)
  to   space 5120K, 0% used [0x00000000eeb00000,0x00000000eeb00000,0x00000000ef000000)
 ParOldGen       total 86016K, used 6829K [0x00000000c0000000, 0x00000000c5400000, 0x00000000eab00000)
  object space 86016K, 7% used [0x00000000c0000000,0x00000000c06ab6e0,0x00000000c5400000)
 Metaspace       used 5881K, capacity 7088K, committed 7296K, reserved 1056768K
  class space    used 550K, capacity 616K, committed 640K, reserved 1048576K
}
Event: 6.615 GC heap before
{Heap before GC invocations=3 (full 0):
 PSYoungGen      total 70656K, used 70647K [0x00000000eab00000, 0x00000000ef500000, 0x0000000100000000)
  eden space 65536K, 100% used [0x00000000eab00000,0x00000000eeb00000,0x00000000eeb00000)
  from space 5120K, 99% used [0x00000000ef000000,0x00000000ef4fdc88,0x00000000ef500000)
  to   space 5120K, 0% used [0x00000000eeb00000,0x00000000eeb00000,0x00000000ef000000)
 ParOldGen       total 86016K, used 6829K [0x00000000c0000000, 0x00000000c5400000, 0x00000000eab00000)
  object space 86016K, 7% used [0x00000000c0000000,0x00000000c06ab6e0,0x00000000c5400000)
 Metaspace       used 5950K, capacity 7152K, committed 7296K, reserved 1056768K
  class space    used 550K, capacity 616K, committed 640K, reserved 1048576K
Event: 8.480 GC heap after
Heap after GC invocations=3 (full 0):
 PSYoungGen      total 70656K, used 5088K [0x00000000eab00000, 0x00000000ef500000, 0x0000000100000000)
  eden space 65536K, 0% used [0x00000000eab00000,0x00000000eab00000,0x00000000eeb00000)
  from space 5120K, 99% used [0x00000000eeb00000,0x00000000eeff8010,0x00000000ef000000)
  to   space 5120K, 0% used [0x00000000ef000000,0x00000000ef000000,0x00000000ef500000)
 ParOldGen       total 86016K, used 16880K [0x00000000c0000000, 0x00000000c5400000, 0x00000000eab00000)
  object space 86016K, 19% used [0x00000000c0000000,0x00000000c107c190,0x00000000c5400000)
 Metaspace       used 5950K, capacity 7152K, committed 7296K, reserved 1056768K
  class space    used 550K, capacity 616K, committed 640K, reserved 1048576K
}

Deoptimization events (10 events):
Event: 5.025 Thread 0x000000000018f800 Uncommon trap: reason=unreached action=reinterpret pc=0x0000000002e7735c method=com.android.dx.ssa.SCCP.simulateBranch(Lcom/android/dx/ssa/SsaInsn;)V @ 334
Event: 6.026 Thread 0x000000000018f800 Uncommon trap: reason=unreached action=reinterpret pc=0x0000000002ee4358 method=com.android.dx.cf.code.BytecodeArray.parseInstruction(ILcom/android/dx/cf/code/BytecodeArray$Visitor;)I @ 1198
Event: 6.062 Thread 0x000000000018f800 Uncommon trap: reason=bimorphic action=maybe_recompile pc=0x0000000002ecaf58 method=com.android.dx.ssa.LiteralOpUpgrader.tryReplacingWithConstant(Lcom/android/dx/ssa/NormalSsaInsn;)Z @ 52
Event: 6.375 Thread 0x000000000018f800 Uncommon trap: reason=bimorphic action=maybe_recompile pc=0x0000000002b1bffc method=java.util.HashMap.getNode(ILjava/lang/Object;)Ljava/util/HashMap$Node; @ 126
Event: 6.375 Thread 0x000000000018f800 Uncommon trap: reason=bimorphic action=maybe_recompile pc=0x0000000002bb7104 method=java.util.HashMap.getNode(ILjava/lang/Object;)Ljava/util/HashMap$Node; @ 126
Event: 6.396 Thread 0x000000000018f800 Uncommon trap: reason=null_check action=make_not_entrant pc=0x0000000002daf380 method=com.android.dx.ssa.SsaRenamer.getLocalForNewReg(I)Lcom/android/dx/rop/code/LocalItem; @ 19
Event: 6.397 Thread 0x000000000018f800 Uncommon trap: reason=unreached action=reinterpret pc=0x0000000002dfe178 method=com.android.dx.ssa.SsaInsn.getLocalAssignment()Lcom/android/dx/rop/code/RegisterSpec; @ 14
Event: 6.507 Thread 0x000000000018f800 Uncommon trap: reason=unloaded action=reinterpret pc=0x0000000002df0ddc method=com.android.dx.cf.cst.ConstantPoolParser.parse0(ILjava/util/BitSet;)Lcom/android/dx/rop/cst/Constant; @ 176
Event: 6.522 Thread 0x000000000018f800 Uncommon trap: reason=unreached action=reinterpret pc=0x0000000002dea230 method=com.android.dx.ssa.MoveParamCombiner$1.visitNonMoveInsn(Lcom/android/dx/ssa/NormalSsaInsn;)V @ 27
Event: 8.938 Thread 0x000000000018f800 Uncommon trap: reason=bimorphic action=maybe_recompile pc=0x0000000002f97194 method=com.android.dx.rop.code.Rops.opMoveResultPseudo(Lcom/android/dx/rop/type/TypeBearer;)Lcom/android/dx/rop/code/Rop; @ 7

Internal exceptions (10 events):
Event: 1.427 Thread 0x000000000018f800 Exception <a 'java/security/PrivilegedActionException'> (0x00000000eb5f8520) thrown at [D:\re\workspace\8-2-build-windows-amd64-cygwin\jdk8u20\1074\hotspot\src\share\vm\prims\jvm.cpp, line 1275]
Event: 1.442 Thread 0x000000000018f800 Exception <a 'java/security/PrivilegedActionException'> (0x00000000eb684980) thrown at [D:\re\workspace\8-2-build-windows-amd64-cygwin\jdk8u20\1074\hotspot\src\share\vm\prims\jvm.cpp, line 1275]
Event: 1.531 Thread 0x000000000018f800 Exception <a 'java/security/PrivilegedActionException'> (0x00000000eb82b458) thrown at [D:\re\workspace\8-2-build-windows-amd64-cygwin\jdk8u20\1074\hotspot\src\share\vm\prims\jvm.cpp, line 1275]
Event: 2.005 Thread 0x000000000018f800 Exception <a 'java/security/PrivilegedActionException'> (0x00000000ebd4c000) thrown at [D:\re\workspace\8-2-build-windows-amd64-cygwin\jdk8u20\1074\hotspot\src\share\vm\prims\jvm.cpp, line 1275]
Event: 2.111 Thread 0x000000000018f800 Exception <a 'java/security/PrivilegedActionException'> (0x00000000ec02ae50) thrown at [D:\re\workspace\8-2-build-windows-amd64-cygwin\jdk8u20\1074\hotspot\src\share\vm\prims\jvm.cpp, line 1275]
Event: 2.111 Thread 0x000000000018f800 Exception <a 'java/security/PrivilegedActionException'> (0x00000000ec02ddf0) thrown at [D:\re\workspace\8-2-build-windows-amd64-cygwin\jdk8u20\1074\hotspot\src\share\vm\prims\jvm.cpp, line 1275]
Event: 2.113 Thread 0x000000000018f800 Exception <a 'java/security/PrivilegedActionException'> (0x00000000ec037f40) thrown at [D:\re\workspace\8-2-build-windows-amd64-cygwin\jdk8u20\1074\hotspot\src\share\vm\prims\jvm.cpp, line 1275]
Event: 2.115 Thread 0x000000000018f800 Exception <a 'java/security/PrivilegedActionException'> (0x00000000ec03a4f8) thrown at [D:\re\workspace\8-2-build-windows-amd64-cygwin\jdk8u20\1074\hotspot\src\share\vm\prims\jvm.cpp, line 1275]
Event: 3.728 Thread 0x000000000018f800 Exception <a 'java/security/PrivilegedActionException'> (0x00000000eb0052d8) thrown at [D:\re\workspace\8-2-build-windows-amd64-cygwin\jdk8u20\1074\hotspot\src\share\vm\prims\jvm.cpp, line 1275]
Event: 6.396 Thread 0x000000000018f800 Implicit null exception at 0x0000000002dae588 to 0x0000000002daf355

Events (10 events):
Event: 6.522 Thread 0x000000000018f800 DEOPT UNPACKING pc=0x000000000287556a sp=0x000000000255e478 mode 2
Event: 6.615 Executing VM operation: ParallelGCFailedAllocation
Event: 8.480 Executing VM operation: ParallelGCFailedAllocation done
Event: 8.937 Thread 0x000000000018f800 Uncommon trap: trap_request=0xffffffc6 fr.pc=0x0000000002f97194
Event: 8.938 Thread 0x000000000018f800 DEOPT PACKING pc=0x0000000002f97194 sp=0x000000000255de60
Event: 8.938 Thread 0x000000000018f800 DEOPT UNPACKING pc=0x000000000287556a sp=0x000000000255dd88 mode 2
Event: 9.009 Thread 0x000000000018f800 DEOPT PACKING pc=0x0000000002c0cc2c sp=0x000000000255e610
Event: 9.010 Thread 0x000000000018f800 DEOPT UNPACKING pc=0x00000000028775bf sp=0x000000000255e390 mode 0
Event: 9.054 Thread 0x000000000018f800 DEOPT PACKING pc=0x0000000002c0cc2c sp=0x000000000255e610
Event: 9.054 Thread 0x000000000018f800 DEOPT UNPACKING pc=0x00000000028775bf sp=0x000000000255e390 mode 0


Dynamic libraries:
0x000000013f960000 - 0x000000013f994000 	C:\Program Files\Java\jdk1.8.0_20\bin\java.exe
0x0000000077360000 - 0x0000000077509000 	C:\Windows\SYSTEM32\ntdll.dll
0x0000000077240000 - 0x000000007735f000 	C:\Windows\system32\kernel32.dll
0x000007fefd4e0000 - 0x000007fefd54c000 	C:\Windows\system32\KERNELBASE.dll
0x000007fefee90000 - 0x000007fefef6b000 	C:\Windows\system32\ADVAPI32.dll
0x000007feff0f0000 - 0x000007feff18f000 	C:\Windows\system32\msvcrt.dll
0x000007feff460000 - 0x000007feff47f000 	C:\Windows\SYSTEM32\sechost.dll
0x000007feff270000 - 0x000007feff39d000 	C:\Windows\system32\RPCRT4.dll
0x0000000077140000 - 0x000000007723a000 	C:\Windows\system32\USER32.dll
0x000007fefefb0000 - 0x000007feff017000 	C:\Windows\system32\GDI32.dll
0x000007fefefa0000 - 0x000007fefefae000 	C:\Windows\system32\LPK.dll
0x000007fefdb70000 - 0x000007fefdc39000 	C:\Windows\system32\USP10.dll
0x000007fefb760000 - 0x000007fefb954000 	C:\Windows\WinSxS\amd64_microsoft.windows.common-controls_6595b64144ccf1df_6.0.7601.18837_none_fa3b1e3d17594757\COMCTL32.dll
0x000007feff5f0000 - 0x000007feff661000 	C:\Windows\system32\SHLWAPI.dll
0x000007fefef70000 - 0x000007fefef9e000 	C:\Windows\system32\IMM32.DLL
0x000007feff4e0000 - 0x000007feff5e9000 	C:\Windows\system32\MSCTF.dll
0x0000000054e80000 - 0x0000000054f52000 	C:\Program Files\Java\jdk1.8.0_20\jre\bin\msvcr100.dll
0x0000000054fc0000 - 0x0000000055818000 	C:\Program Files\Java\jdk1.8.0_20\jre\bin\server\jvm.dll
0x000007fef59c0000 - 0x000007fef59c9000 	C:\Windows\system32\WSOCK32.dll
0x000007feff0a0000 - 0x000007feff0ed000 	C:\Windows\system32\WS2_32.dll
0x000007fefd950000 - 0x000007fefd958000 	C:\Windows\system32\NSI.dll
0x000007fefb310000 - 0x000007fefb34b000 	C:\Windows\system32\WINMM.dll
0x0000000077530000 - 0x0000000077537000 	C:\Windows\system32\PSAPI.DLL
0x000000006f3d0000 - 0x000000006f3df000 	C:\Program Files\Java\jdk1.8.0_20\jre\bin\verify.dll
0x000000006f3a0000 - 0x000000006f3c8000 	C:\Program Files\Java\jdk1.8.0_20\jre\bin\java.dll
0x000000006f380000 - 0x000000006f396000 	C:\Program Files\Java\jdk1.8.0_20\jre\bin\zip.dll
0x000007fefdc40000 - 0x000007fefe9c9000 	C:\Windows\system32\SHELL32.dll
0x000007fefd960000 - 0x000007fefdb63000 	C:\Windows\system32\ole32.dll
0x000007fefd1a0000 - 0x000007fefd1af000 	C:\Windows\system32\profapi.dll

VM Arguments:
jvm_args: -Xmx1024M -Dfile.encoding=windows-1252 -Duser.country=CA -Duser.language=en -Duser.variant 
java_command: com.android.dx.command.Main --dex --output C:\Users\100451790\AndroidStudioProjects\SimpleMap\app\build\intermediates\pre-dexed\debug\classes-849ba77179cae562bb19f38b014b52ffb5864133.jar C:\Users\100451790\AndroidStudioProjects\SimpleMap\app\build\intermediates\exploded-aar\com.google.android.gms\play-services-base\7.8.0\jars\classes.jar
java_class_path (initial): C:\Users\100451790\AppData\Local\Android\sdk\build-tools\21.1.2\lib\dx.jar
Launcher Type: SUN_STANDARD

Environment Variables:
JAVA_HOME=C:\Program Files\Java\jdk1.8.0_20
PATH=C:\Program Files (x86)\NVIDIA Corporation\PhysX\Common;C:\ProgramData\Oracle\Java\javapath;C:\Python27\;C:\Python27\Scripts;C:\Windows\system32;C:\Windows;C:\Windows\System32\Wbem;C:\Windows\System32\WindowsPowerShell\v1.0\;C:\Program Files (x86)\QuickTime\QTSystem\;C:\Program Files (x86)\CambridgeSoft\ChemOffice2012\ChemScript\Lib;C:\Program Files (x86)\MATLAB\R2013a\runtime\win64;C:\Program Files (x86)\MATLAB\R2013a\bin;C:\Program Files (x86)\Mercurial;C:\Program Files (x86)\MiKTeX 2.9\miktex\bin\;C:\Program Files\SASHome\Secure;C:\Program Files\SASHome\x86\Secure;C:\Program Files\TortoiseHg\;C:\Program Files (x86)\Windows Kits\8.1\Windows Performance Toolkit\;C:\Program Files\Microsoft SQL Server\110\Tools\Binn\;C:\Program Files (x86)\Calibre2\;C:\Anaconda;C:\Anaconda\Scripts;C:\Program Files (x86)\Gow\bin;C:\Go\bin;C:\Program Files (x86)\Skype\Phone\;%APPDATA%\Python\Scripts;C:\Program Files\Java\jdk1.8.0_20\bin\;.;C:\Users\100451790\AppData\Local\GitHub\PortableGit_c2ba306e536fdf878271f7fe636a147ff37326ad\cmd;
USERNAME=100451790
OS=Windows_NT
PROCESSOR_IDENTIFIER=Intel64 Family 6 Model 58 Stepping 9, GenuineIntel



---------------  S Y S T E M  ---------------

OS: Windows 7 , 64 bit Build 7601 Service Pack 1

CPU:total 4 (2 cores per cpu, 2 threads per core) family 6 model 58 stepping 9, cmov, cx8, fxsr, mmx, sse, sse2, sse3, ssse3, sse4.1, sse4.2, popcnt, avx, aes, clmul, erms, ht, tsc, tscinvbit, tscinv

Memory: 4k page, physical 8147760k(865396k free), swap 11291648k(5116k free)

vm_info: Java HotSpot(TM) 64-Bit Server VM (25.20-b23) for windows-amd64 JRE (1.8.0_20-b26), built on Jul 30 2014 13:51:23 by "java_re" with MS VC++ 10.0 (VS2010)

time: Fri Oct 16 19:52:56 2015
elapsed time: 9 seconds (0d 0h 0m 9s)

